# JRE version: OpenJDK Runtime Environment (8.0_242-b01) (build 1.8.0_242-release-1644-b01)
# Java VM: OpenJDK 64-Bit Server VM (25.242-b01 mixed mode windows-amd64 compressed oops)
Heap:
 PSYoungGen      total 337408K, used 55419K [0x00000000d5580000, 0x00000000efe00000, 0x0000000100000000)
  eden space 299008K, 5% used [0x00000000d5580000,0x00000000d6625cd0,0x00000000e7980000)
  from space 38400K, 99% used [0x00000000eb100000,0x00000000ed6790f8,0x00000000ed680000)
  to   space 56832K, 0% used [0x00000000e7980000,0x00000000e7980000,0x00000000eb100000)
 ParOldGen       total 178176K, used 88504K [0x0000000080000000, 0x000000008ae00000, 0x00000000d5580000)
  object space 178176K, 49% used [0x0000000080000000,0x000000008566e1c8,0x000000008ae00000)
 Metaspace       used 110614K, capacity 116014K, committed 116312K, reserved 1150976K
  class space    used 14330K, capacity 15369K, committed 15488K, reserved 1048576K
GC Heap History (10 events):
Event: 3654.638 GC heap before
{Heap before GC invocations=22 (full 4):
 PSYoungGen      total 288256K, used 9192K [0x00000000d5580000, 0x00000000e8f80000, 0x0000000100000000)
  eden space 267264K, 0% used [0x00000000d5580000,0x00000000d5580000,0x00000000e5a80000)
  from space 20992K, 43% used [0x00000000e7b00000,0x00000000e83fa230,0x00000000e8f80000)
  to   space 27136K, 0% used [0x00000000e5a80000,0x00000000e5a80000,0x00000000e7500000)
 ParOldGen       total 131584K, used 59585K [0x0000000080000000, 0x0000000088080000, 0x00000000d5580000)
  object space 131584K, 45% used [0x0000000080000000,0x0000000083a30408,0x0000000088080000)
 Metaspace       used 93696K, capacity 98336K, committed 98380K, reserved 1134592K
  class space    used 12297K, capacity 13269K, committed 13312K, reserved 1048576K
Event: 3655.705 GC heap after
Heap after GC invocations=22 (full 4):
 PSYoungGen      total 288256K, used 0K [0x00000000d5580000, 0x00000000e8f80000, 0x0000000100000000)
  eden space 267264K, 0% used [0x00000000d5580000,0x00000000d5580000,0x00000000e5a80000)
  from space 20992K, 0% used [0x00000000e7b00000,0x00000000e7b00000,0x00000000e8f80000)
  to   space 27136K, 0% used [0x00000000e5a80000,0x00000000e5a80000,0x00000000e7500000)
 ParOldGen       total 178176K, used 38168K [0x0000000080000000, 0x000000008ae00000, 0x00000000d5580000)
  object space 178176K, 21% used [0x0000000080000000,0x0000000082546060,0x000000008ae00000)
 Metaspace       used 92258K, capacity 95778K, committed 98380K, reserved 1134592K
  class space    used 12016K, capacity 12760K, committed 13312K, reserved 1048576K
}
Event: 3670.252 GC heap before
{Heap before GC invocations=23 (full 4):
 PSYoungGen      total 288256K, used 267264K [0x00000000d5580000, 0x00000000e8f80000, 0x0000000100000000)
  eden space 267264K, 100% used [0x00000000d5580000,0x00000000e5a80000,0x00000000e5a80000)
  from space 20992K, 0% used [0x00000000e7b00000,0x00000000e7b00000,0x00000000e8f80000)
  to   space 27136K, 0% used [0x00000000e5a80000,0x00000000e5a80000,0x00000000e7500000)
 ParOldGen       total 178176K, used 38168K [0x0000000080000000, 0x000000008ae00000, 0x00000000d5580000)
  object space 178176K, 21% used [0x0000000080000000,0x0000000082546060,0x000000008ae00000)
 Metaspace       used 93207K, capacity 97048K, committed 98892K, reserved 1134592K
  class space    used 12082K, capacity 12872K, committed 13312K, reserved 1048576K
Event: 3670.352 GC heap after
Heap after GC invocations=23 (full 4):
 PSYoungGen      total 294400K, used 11664K [0x00000000d5580000, 0x00000000eab80000, 0x0000000100000000)
  eden space 267264K, 0% used [0x00000000d5580000,0x00000000d5580000,0x00000000e5a80000)
  from space 27136K, 42% used [0x00000000e5a80000,0x00000000e65e41b0,0x00000000e7500000)
  to   space 26112K, 0% used [0x00000000e9200000,0x00000000e9200000,0x00000000eab80000)
 ParOldGen       total 178176K, used 38176K [0x0000000080000000, 0x000000008ae00000, 0x00000000d5580000)
  object space 178176K, 21% used [0x0000000080000000,0x0000000082548060,0x000000008ae00000)
 Metaspace       used 93207K, capacity 97048K, committed 98892K, reserved 1134592K
  class space    used 12082K, capacity 12872K, committed 13312K, reserved 1048576K
}
Event: 3685.119 GC heap before
{Heap before GC invocations=24 (full 4):
 PSYoungGen      total 294400K, used 278928K [0x00000000d5580000, 0x00000000eab80000, 0x0000000100000000)
  eden space 267264K, 100% used [0x00000000d5580000,0x00000000e5a80000,0x00000000e5a80000)
  from space 27136K, 42% used [0x00000000e5a80000,0x00000000e65e41b0,0x00000000e7500000)
  to   space 26112K, 0% used [0x00000000e9200000,0x00000000e9200000,0x00000000eab80000)
 ParOldGen       total 178176K, used 38176K [0x0000000080000000, 0x000000008ae00000, 0x00000000d5580000)
  object space 178176K, 21% used [0x0000000080000000,0x0000000082548060,0x000000008ae00000)
 Metaspace       used 101910K, capacity 106220K, committed 107480K, reserved 1142784K
  class space    used 13182K, capacity 14043K, committed 14336K, reserved 1048576K
Event: 3685.288 GC heap after
Heap after GC invocations=24 (full 4):
 PSYoungGen      total 314880K, used 26095K [0x00000000d5580000, 0x00000000ebf00000, 0x0000000100000000)
  eden space 288768K, 0% used [0x00000000d5580000,0x00000000d5580000,0x00000000e6f80000)
  from space 26112K, 99% used [0x00000000e9200000,0x00000000eab7bfd0,0x00000000eab80000)
  to   space 35328K, 0% used [0x00000000e6f80000,0x00000000e6f80000,0x00000000e9200000)
 ParOldGen       total 178176K, used 54188K [0x0000000080000000, 0x000000008ae00000, 0x00000000d5580000)
  object space 178176K, 30% used [0x0000000080000000,0x00000000834eb1b0,0x000000008ae00000)
 Metaspace       used 101910K, capacity 106220K, committed 107480K, reserved 1142784K
  class space    used 13182K, capacity 14043K, committed 14336K, reserved 1048576K
}
Event: 4222.772 GC heap before
{Heap before GC invocations=25 (full 4):
 PSYoungGen      total 314880K, used 314863K [0x00000000d5580000, 0x00000000ebf00000, 0x0000000100000000)
  eden space 288768K, 100% used [0x00000000d5580000,0x00000000e6f80000,0x00000000e6f80000)
  from space 26112K, 99% used [0x00000000e9200000,0x00000000eab7bfd0,0x00000000eab80000)
  to   space 35328K, 0% used [0x00000000e6f80000,0x00000000e6f80000,0x00000000e9200000)
 ParOldGen       total 178176K, used 54188K [0x0000000080000000, 0x000000008ae00000, 0x00000000d5580000)
  object space 178176K, 30% used [0x0000000080000000,0x00000000834eb1b0,0x000000008ae00000)
 Metaspace       used 109974K, capacity 115392K, committed 115544K, reserved 1148928K
  class space    used 14309K, capacity 15342K, committed 15488K, reserved 1048576K
Event: 4223.003 GC heap after
Heap after GC invocations=25 (full 4):
 PSYoungGen      total 324096K, used 28488K [0x00000000d5580000, 0x00000000ed680000, 0x0000000100000000)
  eden space 288768K, 0% used [0x00000000d5580000,0x00000000d5580000,0x00000000e6f80000)
  from space 35328K, 80% used [0x00000000e6f80000,0x00000000e8b523e0,0x00000000e9200000)
  to   space 38400K, 0% used [0x00000000eb100000,0x00000000eb100000,0x00000000ed680000)
 ParOldGen       total 178176K, used 54196K [0x0000000080000000, 0x000000008ae00000, 0x00000000d5580000)
  object space 178176K, 30% used [0x0000000080000000,0x00000000834ed1b0,0x000000008ae00000)
 Metaspace       used 109974K, capacity 115392K, committed 115544K, reserved 1148928K
  class space    used 14309K, capacity 15342K, committed 15488K, reserved 1048576K
}
Event: 4235.834 GC heap before
{Heap before GC invocations=26 (full 4):
 PSYoungGen      total 324096K, used 317256K [0x00000000d5580000, 0x00000000ed680000, 0x0000000100000000)
  eden space 288768K, 100% used [0x00000000d5580000,0x00000000e6f80000,0x00000000e6f80000)
  from space 35328K, 80% used [0x00000000e6f80000,0x00000000e8b523e0,0x00000000e9200000)
  to   space 38400K, 0% used [0x00000000eb100000,0x00000000eb100000,0x00000000ed680000)
 ParOldGen       total 178176K, used 54196K [0x0000000080000000, 0x000000008ae00000, 0x00000000d5580000)
  object space 178176K, 30% used [0x0000000080000000,0x00000000834ed1b0,0x000000008ae00000)
 Metaspace       used 110579K, capacity 115984K, committed 116312K, reserved 1150976K
  class space    used 14327K, capacity 15364K, committed 15488K, reserved 1048576K
Event: 4235.997 GC heap after
Heap after GC invocations=26 (full 4):
 PSYoungGen      total 337408K, used 38372K [0x00000000d5580000, 0x00000000efe00000, 0x0000000100000000)
  eden space 299008K, 0% used [0x00000000d5580000,0x00000000d5580000,0x00000000e7980000)
  from space 38400K, 99% used [0x00000000eb100000,0x00000000ed6790f8,0x00000000ed680000)
  to   space 56832K, 0% used [0x00000000e7980000,0x00000000e7980000,0x00000000eb100000)
 ParOldGen       total 178176K, used 88504K [0x0000000080000000, 0x000000008ae00000, 0x00000000d5580000)
  object space 178176K, 49% used [0x0000000080000000,0x000000008566e1c8,0x000000008ae00000)
 Metaspace       used 110579K, capacity 115984K, committed 116312K, reserved 1150976K
  class space    used 14327K, capacity 15364K, committed 15488K, reserved 1048576K
}

