# JRE version: OpenJDK Runtime Environment (8.0_242-b01) (build 1.8.0_242-release-1644-b01)
# Java VM: OpenJDK 64-Bit Server VM (25.242-b01 mixed mode windows-amd64 compressed oops)
Heap:
 PSYoungGen      total 245248K, used 169314K [0x00000000d5580000, 0x00000000e9a00000, 0x0000000100000000)
  eden space 219648K, 65% used [0x00000000d5580000,0x00000000de1df520,0x00000000e2c00000)
  from space 25600K, 99% used [0x00000000e8100000,0x00000000e99f9668,0x00000000e9a00000)
  to   space 20480K, 0% used [0x00000000e2c00000,0x00000000e2c00000,0x00000000e4000000)
 ParOldGen       total 112128K, used 60521K [0x0000000080000000, 0x0000000086d80000, 0x00000000d5580000)
  object space 112128K, 53% used [0x0000000080000000,0x0000000083b1a580,0x0000000086d80000)
 Metaspace       used 79986K, capacity 84270K, committed 84392K, reserved 1122304K
  class space    used 11123K, capacity 11935K, committed 11952K, reserved 1048576K
GC Heap History (10 events):
Event: 28.744 GC heap before
{Heap before GC invocations=13 (full 2):
 PSYoungGen      total 179200K, used 178758K [0x00000000d5580000, 0x00000000e1a80000, 0x0000000100000000)
  eden space 167936K, 100% used [0x00000000d5580000,0x00000000df980000,0x00000000df980000)
  from space 11264K, 96% used [0x00000000e0f80000,0x00000000e1a119f0,0x00000000e1a80000)
  to   space 13824K, 0% used [0x00000000dff80000,0x00000000dff80000,0x00000000e0d00000)
 ParOldGen       total 76288K, used 17058K [0x0000000080000000, 0x0000000084a80000, 0x00000000d5580000)
  object space 76288K, 22% used [0x0000000080000000,0x00000000810a8970,0x0000000084a80000)
 Metaspace       used 56301K, capacity 58628K, committed 58920K, reserved 1099776K
  class space    used 7713K, capacity 8197K, committed 8240K, reserved 1048576K
Event: 28.895 GC heap after
Heap after GC invocations=13 (full 2):
 PSYoungGen      total 187904K, used 13820K [0x00000000d5580000, 0x00000000e5380000, 0x0000000100000000)
  eden space 174080K, 0% used [0x00000000d5580000,0x00000000d5580000,0x00000000dff80000)
  from space 13824K, 99% used [0x00000000dff80000,0x00000000e0cff320,0x00000000e0d00000)
  to   space 19968K, 0% used [0x00000000e4000000,0x00000000e4000000,0x00000000e5380000)
 ParOldGen       total 76288K, used 29295K [0x0000000080000000, 0x0000000084a80000, 0x00000000d5580000)
  object space 76288K, 38% used [0x0000000080000000,0x0000000081c9bf48,0x0000000084a80000)
 Metaspace       used 56301K, capacity 58628K, committed 58920K, reserved 1099776K
  class space    used 7713K, capacity 8197K, committed 8240K, reserved 1048576K
}
Event: 29.383 GC heap before
{Heap before GC invocations=14 (full 2):
 PSYoungGen      total 187904K, used 23950K [0x00000000d5580000, 0x00000000e5380000, 0x0000000100000000)
  eden space 174080K, 5% used [0x00000000d5580000,0x00000000d5f64770,0x00000000dff80000)
  from space 13824K, 99% used [0x00000000dff80000,0x00000000e0cff320,0x00000000e0d00000)
  to   space 19968K, 0% used [0x00000000e4000000,0x00000000e4000000,0x00000000e5380000)
 ParOldGen       total 76288K, used 29295K [0x0000000080000000, 0x0000000084a80000, 0x00000000d5580000)
  object space 76288K, 38% used [0x0000000080000000,0x0000000081c9bf48,0x0000000084a80000)
 Metaspace       used 56746K, capacity 59062K, committed 59160K, reserved 1099776K
  class space    used 7785K, capacity 8296K, committed 8368K, reserved 1048576K
Event: 29.466 GC heap after
Heap after GC invocations=14 (full 2):
 PSYoungGen      total 239616K, used 736K [0x00000000d5580000, 0x00000000e6d00000, 0x0000000100000000)
  eden space 219648K, 0% used [0x00000000d5580000,0x00000000d5580000,0x00000000e2c00000)
  from space 19968K, 3% used [0x00000000e4000000,0x00000000e40b8000,0x00000000e5380000)
  to   space 20480K, 0% used [0x00000000e2c00000,0x00000000e2c00000,0x00000000e4000000)
 ParOldGen       total 76288K, used 43020K [0x0000000080000000, 0x0000000084a80000, 0x00000000d5580000)
  object space 76288K, 56% used [0x0000000080000000,0x0000000082a033e8,0x0000000084a80000)
 Metaspace       used 56746K, capacity 59062K, committed 59160K, reserved 1099776K
  class space    used 7785K, capacity 8296K, committed 8368K, reserved 1048576K
}
Event: 29.466 GC heap before
{Heap before GC invocations=15 (full 3):
 PSYoungGen      total 239616K, used 736K [0x00000000d5580000, 0x00000000e6d00000, 0x0000000100000000)
  eden space 219648K, 0% used [0x00000000d5580000,0x00000000d5580000,0x00000000e2c00000)
  from space 19968K, 3% used [0x00000000e4000000,0x00000000e40b8000,0x00000000e5380000)
  to   space 20480K, 0% used [0x00000000e2c00000,0x00000000e2c00000,0x00000000e4000000)
 ParOldGen       total 76288K, used 43020K [0x0000000080000000, 0x0000000084a80000, 0x00000000d5580000)
  object space 76288K, 56% used [0x0000000080000000,0x0000000082a033e8,0x0000000084a80000)
 Metaspace       used 56746K, capacity 59062K, committed 59160K, reserved 1099776K
  class space    used 7785K, capacity 8296K, committed 8368K, reserved 1048576K
Event: 30.599 GC heap after
Heap after GC invocations=15 (full 3):
 PSYoungGen      total 239616K, used 0K [0x00000000d5580000, 0x00000000e6d00000, 0x0000000100000000)
  eden space 219648K, 0% used [0x00000000d5580000,0x00000000d5580000,0x00000000e2c00000)
  from space 19968K, 0% used [0x00000000e4000000,0x00000000e4000000,0x00000000e5380000)
  to   space 20480K, 0% used [0x00000000e2c00000,0x00000000e2c00000,0x00000000e4000000)
 ParOldGen       total 112128K, used 29023K [0x0000000080000000, 0x0000000086d80000, 0x00000000d5580000)
  object space 112128K, 25% used [0x0000000080000000,0x0000000081c57d60,0x0000000086d80000)
 Metaspace       used 56734K, capacity 59020K, committed 59160K, reserved 1099776K
  class space    used 7781K, capacity 8289K, committed 8368K, reserved 1048576K
}
Event: 40.410 GC heap before
{Heap before GC invocations=16 (full 3):
 PSYoungGen      total 239616K, used 219648K [0x00000000d5580000, 0x00000000e6d00000, 0x0000000100000000)
  eden space 219648K, 100% used [0x00000000d5580000,0x00000000e2c00000,0x00000000e2c00000)
  from space 19968K, 0% used [0x00000000e4000000,0x00000000e4000000,0x00000000e5380000)
  to   space 20480K, 0% used [0x00000000e2c00000,0x00000000e2c00000,0x00000000e4000000)
 ParOldGen       total 112128K, used 29023K [0x0000000080000000, 0x0000000086d80000, 0x00000000d5580000)
  object space 112128K, 25% used [0x0000000080000000,0x0000000081c57d60,0x0000000086d80000)
 Metaspace       used 69289K, capacity 72500K, committed 72744K, reserved 1112064K
  class space    used 9527K, capacity 10176K, committed 10288K, reserved 1048576K
Event: 40.504 GC heap after
Heap after GC invocations=16 (full 3):
 PSYoungGen      total 240128K, used 20462K [0x00000000d5580000, 0x00000000e9a00000, 0x0000000100000000)
  eden space 219648K, 0% used [0x00000000d5580000,0x00000000d5580000,0x00000000e2c00000)
  from space 20480K, 99% used [0x00000000e2c00000,0x00000000e3ffbbd8,0x00000000e4000000)
  to   space 25600K, 0% used [0x00000000e8100000,0x00000000e8100000,0x00000000e9a00000)
 ParOldGen       total 112128K, used 34485K [0x0000000080000000, 0x0000000086d80000, 0x00000000d5580000)
  object space 112128K, 30% used [0x0000000080000000,0x00000000821ad530,0x0000000086d80000)
 Metaspace       used 69289K, capacity 72500K, committed 72744K, reserved 1112064K
  class space    used 9527K, capacity 10176K, committed 10288K, reserved 1048576K
}
Event: 44.867 GC heap before
{Heap before GC invocations=17 (full 3):
 PSYoungGen      total 240128K, used 238560K [0x00000000d5580000, 0x00000000e9a00000, 0x0000000100000000)
  eden space 219648K, 99% used [0x00000000d5580000,0x00000000e2a7c6a0,0x00000000e2c00000)
  from space 20480K, 99% used [0x00000000e2c00000,0x00000000e3ffbbd8,0x00000000e4000000)
  to   space 25600K, 0% used [0x00000000e8100000,0x00000000e8100000,0x00000000e9a00000)
 ParOldGen       total 112128K, used 34485K [0x0000000080000000, 0x0000000086d80000, 0x00000000d5580000)
  object space 112128K, 30% used [0x0000000080000000,0x00000000821ad530,0x0000000086d80000)
 Metaspace       used 78746K, capacity 82986K, committed 83240K, reserved 1120256K
  class space    used 10978K, capacity 11801K, committed 11824K, reserved 1048576K
Event: 44.951 GC heap after
Heap after GC invocations=17 (full 3):
 PSYoungGen      total 245248K, used 25573K [0x00000000d5580000, 0x00000000e9a00000, 0x0000000100000000)
  eden space 219648K, 0% used [0x00000000d5580000,0x00000000d5580000,0x00000000e2c00000)
  from space 25600K, 99% used [0x00000000e8100000,0x00000000e99f9668,0x00000000e9a00000)
  to   space 20480K, 0% used [0x00000000e2c00000,0x00000000e2c00000,0x00000000e4000000)
 ParOldGen       total 112128K, used 60521K [0x0000000080000000, 0x0000000086d80000, 0x00000000d5580000)
  object space 112128K, 53% used [0x0000000080000000,0x0000000083b1a580,0x0000000086d80000)
 Metaspace       used 78746K, capacity 82986K, committed 83240K, reserved 1120256K
  class space    used 10978K, capacity 11801K, committed 11824K, reserved 1048576K
}

